2024-10-12T22:31:40.134Z | GET /users/ | 404 | 11ms
2024-10-12T22:32:23.628Z | GET /users/ | 401 | 16ms
2024-10-12T22:32:34.335Z | GET /users/ | 401 | 2ms
2024-10-12T22:34:46.329Z | GET /users/ | 401 | 2ms
2024-10-12T22:38:12.848Z | GET /users/ | 401 | 2ms
2024-10-12T22:47:36.704Z | GET /users/ | 401 | 17ms
2024-10-12T22:47:37.352Z | GET /users/ | 401 | 3ms
2024-10-12T23:03:23.664Z | POST /users/ | 201 | 104ms
2024-10-12T23:04:54.913Z | POST /users | 201 | 82ms
2024-10-12T23:09:24.781Z | POST /users | 400 | 1ms
2024-10-12T23:09:30.805Z | POST /users | 400 | 0ms
2024-10-12T23:09:34.994Z | POST /users | 400 | 0ms
2024-10-12T23:11:22.756Z | POST /users | 400 | 0ms
2024-10-12T23:11:30.011Z | POST /users | 400 | 0ms
2024-10-12T23:12:16.939Z | POST /users | 400 | 0ms
2024-10-12T23:12:18.980Z | POST /users | 400 | 0ms
2024-10-12T23:12:20.148Z | POST /users | 400 | 1ms
2024-10-12T23:12:24.513Z | POST /users | 400 | 1ms
2024-10-12T23:13:25.380Z | POST /users | 400 | 1ms
2024-10-12T23:13:39.909Z | POST /users | 400 | 0ms
2024-10-12T23:13:55.268Z | POST /users | 400 | 0ms
2024-10-12T23:15:41.883Z | POST /login | 401 | 85ms
2024-10-12T23:15:50.196Z | POST /login | 401 | 56ms
2024-10-12T23:15:54.552Z | POST /login | 401 | 55ms
2024-10-12T23:16:33.770Z | POST /users | 500 | 86ms
2024-10-12T23:16:48.573Z | POST /users | 201 | 81ms
2024-10-12T23:17:00.686Z | POST /login | 401 | 29ms
2024-10-12T23:17:32.161Z | POST /users | 201 | 81ms
2024-10-12T23:17:38.350Z | POST /login | 200 | 57ms
2024-10-12T23:41:12.743Z | POST /users | 201 | 193ms
2024-10-12T23:42:27.286Z | POST /login | 200 | 82ms
2024-10-12T23:43:26.630Z | POST /login | 200 | 83ms
2024-10-12T23:49:18.752Z | POST /login | 200 | 81ms
2024-10-13T03:05:22.704Z | POST /login | 401 | 110ms
2024-10-13T03:05:31.001Z | POST /login | 401 | 55ms
2024-10-13T03:07:05.091Z | POST /login | 401 | 113ms
2024-10-13T03:07:10.015Z | POST /login | 401 | 56ms
2024-10-13T03:09:36.442Z | POST /login | 401 | 196ms
2024-10-13T03:09:48.170Z | POST /login | 401 | 83ms
2024-10-13T03:12:50.900Z | POST /login | 401 | 85ms
2024-10-13T03:13:07.111Z | POST /login | 200 | 84ms
2024-10-13T05:25:48.513Z | POST /login | 200 | 88ms
2024-10-13T06:10:55.635Z | POST /users | 201 | 92ms
2024-10-13T06:11:29.224Z | POST /login | 401 | 34ms
2024-10-13T06:11:50.845Z | POST /login | 401 | 82ms
2024-10-13T06:11:55.351Z | POST /login | 401 | 56ms
2024-10-13T06:12:07.363Z | POST /login | 401 | 83ms
2024-10-13T06:12:14.919Z | POST /login | 200 | 56ms
2024-10-13T15:43:38.207Z | POST /login | 200 | 113ms
2024-10-13T17:05:40.107Z | POST //posts | 404 | 9ms
2024-10-13T17:05:47.472Z | POST //posts | 404 | 1ms
2024-10-13T17:06:06.198Z | POST //posts | 404 | 0ms
2024-10-13T17:06:22.649Z | POST //posts | 404 | 0ms
2024-10-13T17:06:43.538Z | POST /posts | 201 | 42ms
2024-10-13T17:12:31.732Z | GET /posts | 404 | 2ms
2024-10-13T17:12:31.733Z | GET /posts | 404 | 1ms
2024-10-13T17:13:16.039Z | GET /posts | 404 | 0ms
2024-10-13T17:13:16.041Z | GET /posts | 404 | 1ms
2024-10-13T17:13:28.447Z | GET /posts | 404 | 0ms
2024-10-13T17:13:28.449Z | GET /posts | 404 | 1ms
2024-10-13T17:14:24.467Z | GET /posts | 404 | 1ms
2024-10-13T17:14:24.469Z | GET /posts | 404 | 1ms
2024-10-13T17:18:49.670Z | GET /posts | 404 | 0ms
2024-10-13T17:18:49.672Z | GET /posts | 404 | 1ms
2024-10-13T17:33:23.079Z | GET /posts | 404 | 4ms
2024-10-13T17:33:23.082Z | GET /posts | 404 | 1ms
2024-10-13T17:34:34.168Z | GET /posts | 401 | 4ms
2024-10-13T17:34:34.171Z | GET /posts | 401 | 1ms
2024-10-13T17:35:10.456Z | GET /posts | 401 | 1ms
2024-10-13T17:35:10.459Z | GET /posts | 401 | 1ms
2024-10-13T17:36:18.382Z | GET /posts | 401 | 0ms
2024-10-13T17:36:18.383Z | GET /posts | 401 | 0ms
2024-10-13T17:37:18.080Z | GET /posts | 401 | 0ms
2024-10-13T17:37:18.083Z | GET /posts | 401 | 1ms
2024-10-13T17:37:22.968Z | GET /posts | 401 | 0ms
2024-10-13T17:37:22.969Z | GET /posts | 401 | 0ms
2024-10-13T17:37:47.011Z | GET /posts | 401 | 0ms
2024-10-13T17:37:47.014Z | GET /posts | 401 | 0ms
2024-10-13T17:38:44.068Z | GET /posts | 401 | 1ms
2024-10-13T17:38:44.070Z | GET /posts | 401 | 1ms
2024-10-13T17:40:52.623Z | GET /posts | 401 | 1ms
2024-10-13T17:40:52.625Z | GET /posts | 401 | 1ms
2024-10-13T17:41:09.258Z | GET /posts/ | 401 | 9ms
2024-10-13T17:41:32.178Z | GET /posts/ | 401 | 1ms
2024-10-13T17:42:50.277Z | GET /posts | 404 | 4ms
2024-10-13T17:42:50.278Z | GET /posts | 404 | 0ms
2024-10-13T17:47:04.133Z | GET /posts/ | 401 | 3ms
2024-10-13T17:49:25.010Z | GET /posts/ | 401 | 1ms
2024-10-13T17:49:25.582Z | GET /posts/ | 401 | 1ms
2024-10-13T17:51:30.494Z | GET /posts | 404 | 5ms
2024-10-13T17:51:30.496Z | GET /posts | 404 | 1ms
2024-10-13T17:51:37.819Z | GET /posts/id | 401 | 2ms
2024-10-13T17:51:45.005Z | GET /posts/:id | 401 | 0ms
2024-10-13T17:51:45.399Z | GET /posts/:id | 401 | 0ms
2024-10-13T17:51:45.575Z | GET /posts/:id | 401 | 1ms
2024-10-13T17:51:50.204Z | GET /users/ | 401 | 9ms
2024-10-13T17:52:01.305Z | GET /id/ | 404 | 1ms
2024-10-13T17:52:29.910Z | GET /posts/:id | 401 | 1ms
2024-10-13T17:52:29.912Z | GET /posts/:id | 401 | 0ms
2024-10-13T17:52:32.153Z | GET /posts/:id | 401 | 1ms
2024-10-13T17:52:32.157Z | GET /posts/:id | 401 | 1ms
2024-10-13T17:52:55.268Z | GET /posts/ | 404 | 1ms
2024-10-13T17:52:56.092Z | GET /posts/ | 404 | 0ms
2024-10-13T17:53:01.056Z | GET /posts/1 | 401 | 1ms
2024-10-13T17:53:13.569Z | GET /posts/ | 404 | 1ms
2024-10-13T17:53:17.284Z | GET /posts/ | 404 | 1ms
2024-10-13T17:53:17.765Z | GET /posts/ | 404 | 0ms
2024-10-13T17:53:28.708Z | GET /posts/ | 401 | 3ms
2024-10-13T17:54:43.247Z | GET /posts/ | 404 | 43ms
2024-10-13T17:54:45.274Z | GET /posts/ | 404 | 1ms
2024-10-13T17:54:45.702Z | GET /posts/ | 404 | 0ms
2024-10-13T17:57:04.691Z | GET /posts/ | 200 | 42ms
2024-10-13T17:57:11.453Z | GET /posts/ | 200 | 2ms
2024-10-13T17:57:11.456Z | GET /posts/ | 304 | 2ms
2024-10-13T17:59:32.099Z | GET /posts/ | 304 | 33ms
2024-10-13T17:59:32.101Z | GET /posts/ | 304 | 1ms
2024-10-13T18:01:21.212Z | GET /posts/ | 304 | 35ms
2024-10-13T18:01:21.214Z | GET /posts/ | 304 | 1ms
2024-10-13T18:01:23.634Z | GET /posts/ | 304 | 1ms
2024-10-13T18:01:23.640Z | GET /posts/ | 304 | 1ms
2024-10-13T18:02:17.728Z | GET /posts/ | 304 | 34ms
2024-10-13T18:02:17.729Z | GET /posts/ | 304 | 1ms
2024-10-13T18:02:44.346Z | GET /posts/ | 304 | 139ms
2024-10-13T18:02:44.348Z | GET /posts/ | 304 | 1ms
2024-10-13T18:02:58.152Z | GET /posts/ | 304 | 35ms
2024-10-13T18:02:58.154Z | GET /posts/ | 304 | 2ms
2024-10-13T18:05:41.944Z | GET /posts/ | 304 | 33ms
2024-10-13T18:05:41.945Z | GET /posts/ | 304 | 0ms
2024-10-13T18:07:05.221Z | GET /posts/ | 304 | 34ms
2024-10-13T18:07:05.223Z | GET /posts/ | 304 | 2ms
2024-10-13T18:07:19.032Z | GET /posts/ | 304 | 31ms
2024-10-13T18:07:19.034Z | GET /posts/ | 304 | 1ms
2024-10-13T18:08:17.416Z | GET /posts/ | 304 | 33ms
2024-10-13T18:08:17.417Z | GET /posts/ | 304 | 1ms
2024-10-13T18:11:02.483Z | GET /posts/ | 304 | 32ms
2024-10-13T18:11:02.484Z | GET /posts/ | 304 | 1ms
2024-10-13T18:11:24.389Z | GET /posts/ | 304 | 32ms
2024-10-13T18:11:24.390Z | GET /posts/ | 304 | 1ms
2024-10-13T18:11:56.819Z | GET /posts/ | 304 | 32ms
2024-10-13T18:11:56.820Z | GET /posts/ | 304 | 1ms
2024-10-13T18:12:28.426Z | GET /posts/ | 304 | 35ms
2024-10-13T18:12:28.428Z | GET /posts/ | 304 | 1ms
2024-10-13T18:12:29.477Z | GET /posts/ | 304 | 1ms
2024-10-13T18:12:29.478Z | GET /posts/ | 304 | 0ms
2024-10-13T18:12:34.847Z | GET /posts/ | 304 | 1ms
2024-10-13T18:12:34.849Z | GET /posts/ | 304 | 2ms
2024-10-13T18:12:45.356Z | GET /posts/ | 304 | 33ms
2024-10-13T18:12:45.357Z | GET /posts/ | 304 | 1ms
2024-10-13T18:12:53.665Z | GET /posts/ | 304 | 0ms
2024-10-13T18:12:53.667Z | GET /posts/ | 304 | 1ms
2024-10-13T18:12:54.889Z | GET /posts/ | 304 | 1ms
2024-10-13T18:12:54.890Z | GET /posts/ | 304 | 1ms
2024-10-13T18:12:56.726Z | GET /posts/ | 304 | 0ms
2024-10-13T18:12:56.728Z | GET /posts/ | 304 | 1ms
2024-10-13T18:13:02.814Z | GET /posts/ | 304 | 1ms
2024-10-13T18:13:02.815Z | GET /posts/ | 304 | 1ms
2024-10-13T18:13:04.713Z | GET /posts/ | 304 | 0ms
2024-10-13T18:13:04.715Z | GET /posts/ | 304 | 1ms
2024-10-13T18:13:08.431Z | GET /posts/ | 304 | 1ms
2024-10-13T18:13:08.433Z | GET /posts/ | 304 | 1ms
2024-10-13T18:13:16.347Z | GET /posts/ | 304 | 0ms
2024-10-13T18:13:16.349Z | GET /posts/ | 304 | 1ms
2024-10-13T18:13:17.978Z | GET /posts/ | 304 | 1ms
2024-10-13T18:13:17.980Z | GET /posts/ | 304 | 1ms
2024-10-13T18:13:19.758Z | GET /posts/ | 304 | 1ms
2024-10-13T18:13:19.760Z | GET /posts/ | 304 | 1ms
2024-10-13T18:13:26.846Z | GET /posts/ | 304 | 0ms
2024-10-13T18:13:26.847Z | GET /posts/ | 304 | 0ms
2024-10-13T18:13:29.956Z | GET /posts/ | 304 | 1ms
2024-10-13T18:13:29.957Z | GET /posts/ | 304 | 0ms
2024-10-13T18:13:32.432Z | GET /posts/ | 304 | 1ms
2024-10-13T18:13:32.434Z | GET /posts/ | 304 | 1ms
2024-10-13T18:13:35.340Z | GET /posts/ | 304 | 1ms
2024-10-13T18:13:35.342Z | GET /posts/ | 304 | 1ms
2024-10-13T18:13:47.419Z | GET /posts/ | 304 | 33ms
2024-10-13T18:13:47.420Z | GET /posts/ | 304 | 0ms
2024-10-13T18:13:50.513Z | GET /posts/ | 304 | 0ms
2024-10-13T18:13:50.515Z | GET /posts/ | 304 | 0ms
2024-10-13T18:13:52.328Z | GET /posts/ | 304 | 1ms
2024-10-13T18:13:52.329Z | GET /posts/ | 304 | 1ms
2024-10-13T18:13:54.715Z | GET /posts/ | 304 | 0ms
2024-10-13T18:13:54.717Z | GET /posts/ | 304 | 1ms
2024-10-13T18:13:56.784Z | GET /posts/ | 304 | 1ms
2024-10-13T18:13:56.785Z | GET /posts/ | 304 | 1ms
2024-10-13T18:13:59.493Z | GET /posts/ | 304 | 1ms
2024-10-13T18:13:59.494Z | GET /posts/ | 304 | 1ms
2024-10-13T18:14:01.091Z | GET /posts/ | 304 | 1ms
2024-10-13T18:14:01.092Z | GET /posts/ | 304 | 1ms
2024-10-13T18:14:53.346Z | GET /posts/ | 304 | 31ms
2024-10-13T18:14:53.348Z | GET /posts/ | 304 | 1ms
2024-10-13T18:15:09.378Z | GET /posts/ | 304 | 29ms
2024-10-13T18:15:09.380Z | GET /posts/ | 304 | 1ms
2024-10-13T18:15:15.689Z | GET /posts/ | 304 | 1ms
2024-10-13T18:15:15.691Z | GET /posts/ | 304 | 1ms
2024-10-13T18:15:17.824Z | GET /posts/ | 304 | 1ms
2024-10-13T18:15:17.825Z | GET /posts/ | 304 | 1ms
2024-10-13T18:15:22.295Z | GET /posts/ | 304 | 0ms
2024-10-13T18:15:22.297Z | GET /posts/ | 304 | 1ms
2024-10-13T18:15:24.942Z | GET /posts/ | 304 | 1ms
2024-10-13T18:15:24.944Z | GET /posts/ | 304 | 1ms
2024-10-13T18:15:28.677Z | GET /posts/ | 304 | 1ms
2024-10-13T18:15:28.679Z | GET /posts/ | 304 | 1ms
2024-10-13T18:15:30.752Z | GET /posts/ | 304 | 1ms
2024-10-13T18:15:30.753Z | GET /posts/ | 304 | 1ms
2024-10-13T18:15:35.106Z | GET /posts/ | 304 | 1ms
2024-10-13T18:15:35.108Z | GET /posts/ | 304 | 1ms
2024-10-13T18:15:37.852Z | GET /posts/ | 304 | 1ms
2024-10-13T18:15:37.853Z | GET /posts/ | 304 | 0ms
2024-10-13T18:15:42.999Z | GET /posts/ | 304 | 1ms
2024-10-13T18:15:43.000Z | GET /posts/ | 304 | 0ms
2024-10-13T18:15:49.540Z | GET /posts/ | 304 | 0ms
2024-10-13T18:15:49.542Z | GET /posts/ | 304 | 1ms
2024-10-13T18:15:57.453Z | GET /posts/ | 304 | 1ms
2024-10-13T18:15:57.454Z | GET /posts/ | 304 | 1ms
2024-10-13T18:16:22.346Z | GET /posts/ | 304 | 30ms
2024-10-13T18:16:22.347Z | GET /posts/ | 304 | 1ms
2024-10-13T18:16:28.859Z | GET /posts/ | 304 | 1ms
2024-10-13T18:16:28.860Z | GET /posts/ | 304 | 1ms
2024-10-13T18:16:30.494Z | GET /posts/ | 304 | 1ms
2024-10-13T18:16:30.495Z | GET /posts/ | 304 | 1ms
2024-10-13T18:16:39.794Z | GET /posts/ | 304 | 1ms
2024-10-13T18:16:39.796Z | GET /posts/ | 304 | 1ms
2024-10-13T18:16:44.660Z | GET /posts/ | 304 | 1ms
2024-10-13T18:16:44.661Z | GET /posts/ | 304 | 1ms
2024-10-13T18:17:30.974Z | GET /posts/ | 304 | 32ms
2024-10-13T18:17:30.975Z | GET /posts/ | 304 | 1ms
2024-10-13T18:17:38.506Z | GET /posts/ | 304 | 1ms
2024-10-13T18:17:38.507Z | GET /posts/ | 304 | 1ms
2024-10-13T18:17:40.178Z | GET /posts/ | 304 | 0ms
2024-10-13T18:17:40.180Z | GET /posts/ | 304 | 1ms
2024-10-13T18:17:48.305Z | GET /posts/ | 304 | 1ms
2024-10-13T18:17:48.306Z | GET /posts/ | 304 | 1ms
2024-10-13T18:18:20.037Z | GET /posts/ | 304 | 34ms
2024-10-13T18:18:20.038Z | GET /posts/ | 304 | 1ms
2024-10-13T18:18:31.392Z | GET /posts/ | 304 | 30ms
2024-10-13T18:18:31.393Z | GET /posts/ | 304 | 1ms
2024-10-13T18:18:33.038Z | GET /posts/ | 304 | 1ms
2024-10-13T18:18:33.040Z | GET /posts/ | 304 | 2ms
2024-10-13T18:18:35.950Z | GET /posts/ | 304 | 1ms
2024-10-13T18:18:35.951Z | GET /posts/ | 304 | 1ms
2024-10-13T18:18:39.050Z | GET /posts/ | 304 | 1ms
2024-10-13T18:18:39.051Z | GET /posts/ | 304 | 1ms
2024-10-13T18:18:42.588Z | GET /posts/ | 304 | 1ms
2024-10-13T18:18:42.589Z | GET /posts/ | 304 | 1ms
2024-10-13T18:18:50.745Z | GET /posts/ | 304 | 1ms
2024-10-13T18:18:50.749Z | GET /posts/ | 304 | 0ms
2024-10-13T18:19:05.902Z | GET /posts/ | 304 | 29ms
2024-10-13T18:19:05.904Z | GET /posts/ | 304 | 1ms
2024-10-13T18:19:09.112Z | GET /posts/ | 304 | 1ms
2024-10-13T18:19:09.114Z | GET /posts/ | 304 | 1ms
2024-10-13T18:19:11.272Z | GET /posts/ | 304 | 1ms
2024-10-13T18:19:11.273Z | GET /posts/ | 304 | 1ms
2024-10-13T18:19:16.617Z | GET /posts/ | 304 | 0ms
2024-10-13T18:19:16.618Z | GET /posts/ | 304 | 0ms
2024-10-13T18:19:19.218Z | GET /posts/ | 304 | 1ms
2024-10-13T18:19:19.220Z | GET /posts/ | 304 | 1ms
2024-10-13T18:19:24.509Z | GET /posts/ | 304 | 0ms
2024-10-13T18:19:24.511Z | GET /posts/ | 304 | 1ms
2024-10-13T18:19:28.489Z | GET /posts/ | 304 | 1ms
2024-10-13T18:19:28.490Z | GET /posts/ | 304 | 1ms
2024-10-13T18:19:31.877Z | GET /posts/ | 304 | 0ms
2024-10-13T18:19:31.887Z | GET /posts/ | 304 | 1ms
2024-10-13T18:19:36.550Z | GET /posts/ | 304 | 1ms
2024-10-13T18:19:36.551Z | GET /posts/ | 304 | 1ms
2024-10-13T18:19:40.696Z | GET /posts/ | 304 | 1ms
2024-10-13T18:19:40.697Z | GET /posts/ | 304 | 0ms
2024-10-13T18:19:58.575Z | GET /posts/ | 304 | 31ms
2024-10-13T18:19:58.576Z | GET /posts/ | 304 | 1ms
2024-10-13T18:20:01.431Z | GET /posts/ | 304 | 0ms
2024-10-13T18:20:01.432Z | GET /posts/ | 304 | 0ms
2024-10-13T18:20:04.622Z | GET /posts/ | 304 | 1ms
2024-10-13T18:20:04.623Z | GET /posts/ | 304 | 1ms
2024-10-13T18:20:14.574Z | GET /posts/ | 304 | 1ms
2024-10-13T18:20:14.576Z | GET /posts/ | 304 | 2ms
2024-10-13T18:20:20.357Z | GET /posts/ | 304 | 0ms
2024-10-13T18:20:20.358Z | GET /posts/ | 304 | 0ms
2024-10-13T18:20:23.794Z | GET /posts/ | 304 | 1ms
2024-10-13T18:20:23.795Z | GET /posts/ | 304 | 1ms
2024-10-13T18:20:25.472Z | GET /posts/ | 304 | 1ms
2024-10-13T18:20:25.473Z | GET /posts/ | 304 | 0ms
2024-10-13T18:21:14.144Z | GET /posts/ | 304 | 34ms
2024-10-13T18:21:14.145Z | GET /posts/ | 304 | 0ms
2024-10-13T18:21:17.025Z | GET /posts/ | 304 | 1ms
2024-10-13T18:21:17.026Z | GET /posts/ | 304 | 1ms
2024-10-13T18:21:32.907Z | GET /posts/ | 304 | 29ms
2024-10-13T18:21:32.908Z | GET /posts/ | 304 | 0ms
2024-10-13T18:21:40.150Z | GET /posts/ | 304 | 1ms
2024-10-13T18:21:40.151Z | GET /posts/ | 304 | 0ms
2024-10-13T18:21:42.836Z | GET /posts/ | 304 | 0ms
2024-10-13T18:21:42.838Z | GET /posts/ | 304 | 1ms
2024-10-13T18:21:46.835Z | GET /posts/ | 304 | 1ms
2024-10-13T18:21:46.836Z | GET /posts/ | 304 | 0ms
2024-10-13T18:21:49.423Z | GET /posts/ | 304 | 1ms
2024-10-13T18:21:49.424Z | GET /posts/ | 304 | 1ms
2024-10-13T18:21:53.243Z | GET /posts/ | 304 | 1ms
2024-10-13T18:21:53.244Z | GET /posts/ | 304 | 1ms
2024-10-13T18:22:11.609Z | GET /posts/ | 304 | 29ms
2024-10-13T18:22:11.610Z | GET /posts/ | 304 | 1ms
2024-10-13T18:22:18.903Z | GET /posts/ | 304 | 0ms
2024-10-13T18:22:18.905Z | GET /posts/ | 304 | 1ms
2024-10-13T18:22:24.669Z | GET /posts/ | 304 | 0ms
2024-10-13T18:22:24.670Z | GET /posts/ | 304 | 0ms
2024-10-13T18:22:37.251Z | GET /posts/ | 304 | 29ms
2024-10-13T18:22:37.252Z | GET /posts/ | 304 | 0ms
2024-10-13T18:22:58.209Z | GET /posts/ | 304 | 28ms
2024-10-13T18:22:58.210Z | GET /posts/ | 304 | 0ms
2024-10-13T18:23:03.444Z | GET /posts/ | 304 | 1ms
2024-10-13T18:23:03.445Z | GET /posts/ | 304 | 0ms
2024-10-13T18:23:13.491Z | GET /posts/ | 304 | 28ms
2024-10-13T18:23:13.492Z | GET /posts/ | 304 | 0ms
2024-10-13T18:23:17.665Z | GET /posts/ | 304 | 1ms
2024-10-13T18:23:17.666Z | GET /posts/ | 304 | 0ms
2024-10-13T18:23:21.089Z | GET /posts/ | 304 | 1ms
2024-10-13T18:23:21.090Z | GET /posts/ | 304 | 0ms
2024-10-13T18:23:24.083Z | GET /posts/ | 304 | 1ms
2024-10-13T18:23:24.084Z | GET /posts/ | 304 | 1ms
2024-10-13T18:23:33.719Z | GET /posts/ | 304 | 1ms
2024-10-13T18:23:33.720Z | GET /posts/ | 304 | 1ms
2024-10-13T18:23:44.914Z | GET /posts/ | 304 | 30ms
2024-10-13T18:23:44.915Z | GET /posts/ | 304 | 0ms
2024-10-13T18:23:54.754Z | GET /posts/ | 304 | 1ms
2024-10-13T18:23:54.756Z | GET /posts/ | 304 | 1ms
2024-10-13T18:24:00.318Z | GET /posts/ | 304 | 1ms
2024-10-13T18:24:00.320Z | GET /posts/ | 304 | 1ms
2024-10-13T18:24:03.124Z | GET /posts/ | 304 | 1ms
2024-10-13T18:24:03.126Z | GET /posts/ | 304 | 2ms
2024-10-13T18:24:07.869Z | GET /posts/ | 304 | 0ms
2024-10-13T18:24:07.871Z | GET /posts/ | 304 | 1ms
2024-10-13T18:24:13.942Z | GET /posts/ | 304 | 1ms
2024-10-13T18:24:13.944Z | GET /posts/ | 304 | 1ms
2024-10-13T19:11:47.794Z | GET /posts/ | 304 | 28ms
2024-10-13T19:11:47.795Z | GET /posts/ | 304 | 1ms
2024-10-13T20:08:21.858Z | GET /posts/ | 304 | 32ms
2024-10-13T20:08:21.859Z | GET /posts/ | 304 | 0ms
2024-10-13T20:21:04.185Z | GET /posts/ | 304 | 42ms
2024-10-13T20:21:04.187Z | GET /posts/ | 304 | 1ms
2024-10-13T20:22:39.440Z | DELETE /users/1 | 401 | 8ms
2024-10-13T20:22:59.649Z | DELETE /users/1 | 401 | 10ms
2024-10-13T20:24:17.606Z | DELETE /users/1 | 401 | 2ms
2024-10-13T20:26:41.401Z | DELETE /users/1 | 401 | 3ms
2024-10-13T20:26:58.155Z | DELETE /users/1 | 401 | 2ms
2024-10-13T20:27:03.708Z | DELETE /users/1 | 401 | 2ms
2024-10-13T20:28:00.215Z | POST /login/ | 401 | 91ms
2024-10-13T20:28:03.929Z | POST /login/ | 200 | 57ms
2024-10-13T20:28:26.133Z | DELETE /users/1 | 401 | 2ms
2024-10-13T20:28:35.374Z | DELETE /users/1 | 401 | 2ms
2024-10-13T20:28:36.131Z | DELETE /users/1 | 401 | 2ms
2024-10-13T20:29:11.464Z | GET /users/ | 401 | 19ms
2024-10-13T20:29:12.343Z | GET /users/ | 401 | 2ms
2024-10-13T20:33:51.954Z | GET /users/ | 401 | 10ms
2024-10-13T20:33:52.708Z | GET /users/ | 401 | 1ms
2024-10-13T20:33:53.229Z | GET /users/ | 401 | 1ms
2024-10-13T20:33:53.627Z | GET /users/ | 401 | 0ms
2024-10-13T20:33:53.918Z | GET /users/ | 401 | 1ms
2024-10-13T20:33:55.095Z | GET /users/ | 401 | 2ms
2024-10-13T20:34:00.041Z | GET /users/ | 401 | 1ms
2024-10-13T20:34:01.969Z | GET /users/ | 401 | 0ms
2024-10-13T20:34:04.629Z | GET /users/ | 401 | 1ms
2024-10-13T20:36:55.160Z | GET /users/ | 401 | 1ms
2024-10-13T20:37:06.871Z | GET /users/ | 401 | 0ms
2024-10-13T20:37:08.337Z | GET /users/ | 401 | 0ms
2024-10-13T20:37:13.503Z | GET /users/1 | 404 | 1ms
2024-10-13T20:41:43.372Z | GET /users/ | 401 | 11ms
2024-10-13T20:41:44.227Z | GET /users/ | 401 | 1ms
2024-10-13T20:41:44.409Z | GET /users/ | 401 | 0ms
2024-10-13T20:41:44.570Z | GET /users/ | 401 | 1ms
2024-10-13T20:41:44.735Z | GET /users/ | 401 | 1ms
2024-10-13T20:41:44.866Z | GET /users/ | 401 | 1ms
2024-10-13T20:41:45.907Z | GET /users/ | 401 | 1ms
2024-10-13T20:41:46.973Z | GET /users/ | 401 | 0ms
2024-10-13T20:41:47.138Z | GET /users/ | 401 | 1ms
2024-10-13T20:41:47.308Z | GET /users/ | 401 | 0ms
2024-10-13T20:41:47.480Z | GET /users/ | 401 | 1ms
2024-10-13T20:41:54.534Z | GET /users/ | 401 | 1ms
2024-10-13T20:42:16.852Z | GET /users/ | 401 | 11ms
2024-10-13T20:42:17.356Z | GET /users/ | 401 | 1ms
2024-10-13T20:42:18.054Z | GET /users/ | 401 | 1ms
2024-10-13T20:43:27.291Z | GET /users/ | 401 | 1ms
2024-10-13T20:43:37.291Z | GET /users/ | 401 | 11ms
2024-10-13T20:43:38.010Z | GET /users/ | 401 | 1ms
2024-10-13T20:43:38.618Z | GET /users/ | 401 | 1ms
2024-10-13T20:43:39.228Z | GET /users/ | 401 | 1ms
2024-10-13T20:45:24.127Z | GET /users/all | 200 | 52ms
2024-10-13T20:45:51.732Z | GET /posts/ | 304 | 30ms
2024-10-13T20:45:51.733Z | GET /posts/ | 304 | 1ms
2024-10-13T20:51:52.952Z | POST /users/ | 201 | 96ms
2024-10-13T21:11:20.433Z | GET /posts/ | 304 | 52ms
2024-10-13T21:11:20.435Z | GET /posts/ | 304 | 1ms
2024-10-13T21:11:56.284Z | GET /posts/ | 304 | 58ms
2024-10-13T21:11:56.287Z | GET /posts/ | 304 | 2ms
2024-10-13T21:14:38.500Z | DELETE /users/2 | 200 | 43ms
2024-10-13T21:16:21.199Z | DELETE /users/3 | 404 | 30ms
2024-10-13T21:16:23.563Z | DELETE /users/4 | 200 | 3ms
2024-10-13T21:18:15.440Z | DELETE /users/5 | 204 | 46ms
2024-10-13T21:18:18.169Z | DELETE /users/6 | 204 | 2ms
2024-10-13T21:20:02.947Z | DELETE /users/7 | 200 | 44ms
2024-10-13T21:25:20.046Z | DELETE /users/1 | 204 | 144ms
2024-10-13T21:26:46.079Z | DELETE /users/8 | 204 | 44ms
2024-10-13T21:27:06.578Z | GET /posts/ | 304 | 33ms
2024-10-13T21:27:06.580Z | GET /posts/ | 304 | 2ms
2024-10-13T21:58:33.522Z | DELETE /posts/1 | 200 | 144ms
2024-10-13T22:04:48.559Z | GET /posts/ | 404 | 33ms
2024-10-13T22:04:48.561Z | GET /posts/ | 404 | 1ms
2024-10-14T05:14:33.238Z | GET /order | 404 | 5ms
2024-10-14T05:14:33.436Z | GET /favicon.ico | 404 | 1ms
2024-10-14T05:32:11.277Z | POST /orders/ | 404 | 15ms
2024-10-14T05:32:33.034Z | POST /order_details/ | 404 | 1ms
2024-10-14T05:35:44.452Z | POST /orders/ | 400 | 3ms
2024-10-14T05:35:52.060Z | POST /orders/ | 404 | 1ms
2024-10-14T05:36:59.704Z | POST /orders/ | 404 | 0ms
2024-10-14T05:37:02.698Z | POST /orders/ | 404 | 0ms
2024-10-14T05:37:13.776Z | POST /orders/ | 404 | 0ms
2024-10-14T23:19:14.258Z | POST /users | 500 | 117ms
2024-10-14T23:22:30.392Z | POST /users | 201 | 106ms
2024-10-14T23:22:40.447Z | POST /login | 200 | 59ms
2024-10-14T23:25:03.837Z | POST /login | 200 | 189ms
2024-10-14T23:32:08.892Z | POST /login | 200 | 85ms
2024-10-14T23:33:18.960Z | POST /login | 200 | 188ms
2024-10-14T23:38:29.857Z | POST /login | 200 | 195ms
2024-10-14T23:51:05.230Z | POST /login | 200 | 84ms
2024-10-14T23:52:27.194Z | POST /login | 200 | 82ms
2024-10-14T23:55:57.322Z | POST /login | 200 | 84ms
2024-10-15T00:09:12.700Z | POST /login | 200 | 83ms
2024-10-15T00:12:27.208Z | POST /login | 200 | 83ms
2024-10-15T00:22:57.680Z | POST /login | 401 | 49ms
2024-10-15T00:24:33.327Z | POST /login | 401 | 133ms
2024-10-15T00:25:52.991Z | POST /login | 401 | 50ms
2024-10-15T00:26:34.654Z | POST /login | 401 | 52ms
2024-10-15T00:26:55.704Z | POST /login | 200 | 111ms
2024-10-15T00:30:22.257Z | POST /login | 200 | 85ms
2024-10-15T00:33:34.417Z | POST /login | 200 | 85ms
2024-10-15T00:34:35.675Z | POST /login | 200 | 83ms
2024-10-15T00:42:24.232Z | POST /login | 200 | 84ms
2024-10-15T00:44:44.772Z | POST /login | 200 | 83ms
2024-10-15T01:34:52.269Z | POST /login | 200 | 148ms
2024-10-15T01:41:50.237Z | POST /login | 200 | 85ms
2024-10-15T01:50:20.188Z | POST /orders/ | 404 | 1ms
2024-10-15T01:53:23.867Z | POST /orders/ | 404 | 1ms
2024-10-15T01:53:25.464Z | POST /orders/ | 404 | 0ms
2024-10-15T01:53:28.329Z | POST /orders/ | 404 | 0ms
2024-10-15T01:56:51.461Z | POST /api/orders/ | 500 | 65ms
2024-10-15T01:58:23.638Z | POST /api/orders/ | 201 | 33ms
2024-10-15T02:02:32.944Z | POST /login | 200 | 93ms
2024-10-15T02:04:16.834Z | POST /login | 200 | 85ms
2024-10-15T02:08:25.342Z | POST /login | 200 | 112ms
2024-10-15T02:12:35.390Z | POST /login | 200 | 85ms
2024-10-15T02:21:38.054Z | POST /login | 200 | 85ms
2024-10-16T01:31:12.939Z | POST /login | 200 | 131ms
2024-10-16T01:33:08.218Z | POST /login | 200 | 85ms
2024-10-16T01:38:39.483Z | POST /login | 200 | 85ms
2024-10-16T01:46:37.808Z | POST /login | 200 | 83ms
2024-10-16T01:49:26.908Z | POST /login | 200 | 85ms
2024-10-16T01:53:39.781Z | POST /login | 200 | 91ms
2024-10-16T01:57:01.212Z | POST /login | 200 | 84ms
2024-10-16T02:02:21.362Z | POST /login | 200 | 83ms
2024-10-16T02:10:01.842Z | POST /login | 200 | 84ms
2024-10-16T02:11:52.928Z | POST /login | 200 | 82ms
2024-10-16T02:15:47.345Z | POST /login | 200 | 83ms
2024-10-16T02:19:20.220Z | POST /login | 200 | 82ms
2024-10-16T02:36:54.526Z | POST /login | 200 | 214ms
2024-10-16T02:37:15.219Z | POST /api/orders | 201 | 36ms
2024-10-16T02:38:33.123Z | POST /api/orders | 201 | 32ms
2024-10-16T02:40:51.813Z | POST /api/orders | 201 | 32ms
2024-10-16T02:42:34.370Z | POST /api/orders | 201 | 31ms
2024-10-16T02:49:32.183Z | POST /api/orders | 201 | 31ms
2024-10-16T02:52:42.920Z | GET /orders | 404 | 2ms
2024-10-16T02:52:42.921Z | GET /orders | 404 | 0ms
2024-10-16T02:59:41.418Z | GET /orders | 404 | 2ms
2024-10-16T02:59:41.421Z | GET /orders | 404 | 1ms
2024-10-16T03:00:35.501Z | GET /orders | 404 | 2ms
2024-10-16T03:00:35.502Z | GET /orders | 404 | 0ms
2024-10-16T03:03:38.449Z | GET /orders/7 | 404 | 9ms
2024-10-16T03:03:40.904Z | GET /orders/8 | 404 | 1ms
2024-10-16T03:03:48.422Z | GET /orders/:user_id/5 | 404 | 1ms
2024-10-16T03:03:51.287Z | GET /orders/:user_id/6 | 404 | 1ms
2024-10-16T03:03:54.278Z | GET /orders/:user_id/8 | 404 | 1ms
2024-10-16T03:04:04.989Z | GET /orders/:user_id/9 | 404 | 1ms
2024-10-16T03:04:35.129Z | GET /orders/9 | 404 | 1ms
2024-10-16T03:04:35.809Z | GET /orders/9 | 404 | 0ms
2024-10-16T03:07:10.883Z | GET /orders/9 | 404 | 12ms
2024-10-16T03:07:11.334Z | GET /orders/9 | 404 | 0ms
2024-10-16T03:07:12.957Z | GET /orders/9 | 404 | 1ms
2024-10-16T03:07:19.870Z | GET /orders/9 | 404 | 1ms
2024-10-16T03:11:21.835Z | GET /orders/9 | 404 | 10ms
2024-10-16T03:11:25.294Z | GET /orders/9 | 404 | 1ms
2024-10-16T03:12:08.277Z | GET /orders/9 | 404 | 11ms
2024-10-16T03:12:09.218Z | GET /orders/9 | 404 | 1ms
2024-10-16T03:12:09.487Z | GET /orders/9 | 404 | 0ms
2024-10-16T03:12:09.650Z | GET /orders/9 | 404 | 1ms
2024-10-16T03:12:09.791Z | GET /orders/9 | 404 | 0ms
2024-10-16T03:12:09.944Z | GET /orders/9 | 404 | 1ms
2024-10-16T03:12:10.102Z | GET /orders/9 | 404 | 0ms
2024-10-16T03:12:17.446Z | GET /orders/9 | 404 | 0ms
2024-10-16T03:12:19.977Z | GET /orders/7 | 404 | 0ms
2024-10-16T03:12:22.025Z | GET /orders/9 | 404 | 1ms
2024-10-16T03:16:22.345Z | GET /orders/9 | 404 | 10ms
2024-10-16T03:16:22.896Z | GET /orders/9 | 404 | 2ms
2024-10-16T03:16:23.209Z | GET /orders/9 | 404 | 1ms
2024-10-16T03:16:23.360Z | GET /orders/9 | 404 | 0ms
2024-10-16T03:16:23.509Z | GET /orders/9 | 404 | 0ms
2024-10-16T03:16:23.655Z | GET /orders/9 | 404 | 1ms
2024-10-16T03:16:24.022Z | GET /orders/9 | 404 | 0ms
2024-10-16T03:17:22.543Z | GET /orders/9 | 200 | 53ms
2024-10-16T03:25:02.223Z | GET /orders/9 | 200 | 30ms
2024-10-16T03:25:04.645Z | GET /orders/9 | 304 | 2ms
2024-10-16T03:25:26.082Z | GET /orders/9 | 304 | 28ms
2024-10-16T03:25:55.618Z | GET /orders/9 | 304 | 30ms
2024-10-16T03:26:32.755Z | GET /orders/9 | 304 | 30ms
2024-10-16T03:26:32.756Z | GET /orders/9 | 304 | 1ms
2024-10-16T03:26:47.995Z | GET /orders/9 | 304 | 30ms
2024-10-16T03:27:55.034Z | GET /orders/9 | 500 | 160ms
2024-10-16T03:28:35.517Z | GET /orders/9 | 404 | 2ms
2024-10-16T03:28:59.619Z | GET /order_details/9 | 500 | 46ms
2024-10-16T03:30:30.180Z | GET /order_details/9 | 200 | 43ms
2024-10-16T03:37:09.008Z | DELETE /orders/2 | 200 | 53ms
2024-10-16T03:37:21.893Z | GET /order_details/9 | 404 | 1ms
2024-10-16T03:39:09.948Z | GET /orders/ | 404 | 1ms
2024-10-16T03:39:12.202Z | GET /orders/9 | 200 | 33ms
2024-10-16T03:40:14.878Z | GET /order_details/9 | 404 | 0ms
2024-10-16T03:41:01.903Z | GET /order_details/9 | 404 | 1ms
2024-10-16T03:41:01.904Z | GET /order_details/9 | 404 | 1ms
2024-10-16T03:43:35.665Z | GET /order_details/9 | 404 | 1ms
2024-10-16T03:45:26.108Z | GET /order_details/user_id | 404 | 1ms
2024-10-16T03:45:28.828Z | GET /order_details/user_id | 404 | 1ms
2024-10-16T03:45:53.460Z | GET /order_details/9 | 404 | 1ms
2024-10-16T03:47:27.735Z | GET /order_details/9 | 200 | 42ms
2024-10-16T03:50:00.958Z | GET /order_details/9 | 304 | 31ms
2024-10-16T03:51:39.859Z | GET /order_details/9 | 304 | 29ms
2024-10-16T03:51:48.047Z | GET /order_details/9 | 304 | 1ms
2024-10-16T03:52:53.864Z | GET /order_details/9 | 304 | 29ms
2024-10-16T03:54:28.459Z | GET /order_details/9 | 304 | 30ms
2024-10-16T03:54:33.115Z | GET /order_details/9 | 304 | 1ms
2024-10-16T03:54:43.298Z | GET /order_details/9 | 304 | 35ms
2024-10-16T03:54:52.688Z | GET /order_details/9 | 304 | 1ms
2024-10-16T03:55:01.097Z | GET /order_details/9 | 304 | 1ms
2024-10-16T03:56:35.452Z | GET /order_details/9 | 304 | 29ms
2024-10-16T03:56:41.788Z | GET /order_details/9 | 304 | 1ms
2024-10-16T03:56:51.019Z | GET /order_details/9 | 304 | 1ms
2024-10-16T03:57:19.577Z | GET /order_details/9 | 304 | 29ms
2024-10-16T03:57:38.683Z | GET /order_details/9 | 304 | 138ms
2024-10-16T03:58:30.945Z | GET /order_details/9 | 304 | 31ms
2024-10-16T03:58:43.037Z | GET /order_details/9 | 304 | 34ms
2024-10-16T04:00:10.935Z | GET /order_details/9 | 304 | 29ms
2024-10-16T04:00:19.675Z | GET /order_details/9 | 304 | 1ms
2024-10-16T04:00:30.242Z | GET /order_details/9 | 304 | 137ms
2024-10-16T04:01:01.473Z | GET /order_details/9 | 304 | 29ms
2024-10-16T04:01:29.716Z | GET /order_details/9 | 304 | 28ms
2024-10-16T04:01:39.029Z | GET /order_details/9 | 304 | 1ms
2024-10-16T04:01:58.196Z | GET /order_details/9 | 304 | 29ms
2024-10-16T04:02:11.608Z | GET /order_details/9 | 304 | 29ms
2024-10-16T04:02:13.624Z | GET /order_details/9 | 304 | 1ms
2024-10-16T04:02:43.975Z | GET /order_details/9 | 304 | 136ms
2024-10-16T04:02:54.093Z | GET /order_details/9 | 304 | 28ms
2024-10-16T04:03:15.403Z | GET /order_details/9 | 304 | 139ms
2024-10-16T04:04:33.416Z | GET /order_details/9 | 304 | 28ms
2024-10-16T04:04:38.116Z | GET /order_details/9 | 304 | 1ms
2024-10-16T04:04:55.572Z | GET /order_details/9 | 304 | 132ms
2024-10-16T04:05:13.182Z | GET /order_details/9 | 304 | 29ms
2024-10-16T04:05:22.810Z | GET /order_details/9 | 304 | 1ms
2024-10-16T04:09:24.545Z | GET /order_details/9 | 304 | 29ms
2024-10-16T04:09:26.719Z | GET /order_details/9 | 304 | 1ms
2024-10-16T04:09:27.539Z | GET /order_details/9 | 304 | 1ms
2024-10-16T17:00:16.699Z | POST /api/orders | 404 | 13ms
2024-10-16T17:01:00.708Z | POST /api/orders | 404 | 12ms
2024-10-16T17:01:56.623Z | POST /api/orders | 404 | 9ms
2024-10-16T17:05:53.758Z | POST /api/orders | 404 | 10ms
2024-10-16T17:07:40.168Z | POST /orders | 404 | 9ms
2024-10-16T17:07:48.869Z | POST /orders | 404 | 0ms
2024-10-16T17:09:07.922Z | POST /api/orders | 404 | 9ms
2024-10-16T17:09:09.669Z | POST /api/orders | 404 | 0ms
2024-10-16T17:10:45.637Z | POST /orders | 201 | 51ms
2024-10-16T17:10:57.007Z | GET /order_details/9 | 200 | 30ms
2024-10-16T17:10:57.009Z | GET /order_details/9 | 304 | 1ms
2024-10-16T17:13:47.325Z | GET /order_details/9 | 304 | 35ms
2024-10-16T17:13:54.052Z | GET /order_details/9 | 304 | 2ms
2024-10-16T17:14:39.768Z | GET /order_details/9 | 304 | 37ms
2024-10-16T17:15:33.645Z | GET /order_details/9 | 304 | 33ms
2024-10-16T17:15:37.940Z | GET /order_details/9 | 304 | 1ms
2024-10-16T17:15:41.916Z | GET /order_details/9 | 304 | 2ms
2024-10-16T17:15:58.257Z | GET /order_details/9 | 304 | 32ms
2024-10-16T17:16:02.592Z | GET /order_details/9 | 304 | 1ms
2024-10-16T17:16:03.965Z | GET /order_details/9 | 304 | 1ms
2024-10-16T17:16:05.542Z | GET /order_details/9 | 304 | 1ms
2024-10-16T17:16:18.567Z | GET /order_details/9 | 304 | 32ms
2024-10-16T17:16:35.357Z | GET /order_details/9 | 304 | 34ms
2024-10-16T17:16:53.532Z | GET /order_details/9 | 304 | 34ms
2024-10-16T17:17:11.581Z | GET /order_details/9 | 304 | 37ms
2024-10-16T17:18:04.019Z | GET /order_details/9 | 304 | 33ms
2024-10-16T17:18:19.939Z | GET /order_details/9 | 304 | 34ms
2024-10-16T17:18:21.339Z | GET /order_details/9 | 304 | 1ms
2024-10-16T17:18:26.912Z | GET /order_details/9 | 304 | 1ms
2024-10-16T17:18:47.641Z | GET /order_details/9 | 304 | 31ms
2024-10-16T17:18:56.938Z | GET /order_details/9 | 304 | 1ms
2024-10-16T17:19:03.315Z | GET /order_details/9 | 304 | 1ms
2024-10-16T17:19:04.874Z | GET /order_details/9 | 304 | 1ms
2024-10-16T17:20:07.462Z | GET /order_details/9 | 304 | 31ms
2024-10-16T17:20:19.829Z | GET /order_details/9 | 304 | 31ms
2024-10-16T17:20:21.658Z | GET /order_details/9 | 304 | 1ms
2024-10-16T17:20:31.183Z | GET /order_details/9 | 304 | 1ms
2024-10-16T17:20:32.475Z | GET /order_details/9 | 304 | 1ms
2024-10-16T17:20:34.737Z | GET /order_details/9 | 304 | 1ms
2024-10-16T17:20:48.154Z | GET /order_details/9 | 304 | 31ms
2024-10-16T17:20:49.655Z | GET /order_details/9 | 304 | 1ms
2024-10-16T17:20:55.224Z | GET /order_details/9 | 304 | 1ms
2024-10-16T17:21:13.226Z | GET /order_details/9 | 304 | 31ms
2024-10-16T17:21:15.607Z | GET /order_details/9 | 304 | 2ms
2024-10-16T17:22:00.009Z | GET /order_details/9 | 304 | 33ms
2024-10-16T17:22:01.858Z | GET /order_details/9 | 304 | 1ms
2024-10-16T17:23:03.911Z | GET /order_details/9 | 304 | 44ms
2024-10-16T17:23:57.682Z | GET /order_details/9 | 304 | 34ms
2024-10-16T17:24:15.728Z | GET /order_details/9 | 304 | 33ms
2024-10-16T17:24:23.360Z | GET /order_details/9 | 304 | 1ms
2024-10-16T17:24:31.686Z | GET /order_details/9 | 304 | 1ms
2024-10-16T17:24:39.377Z | GET /order_details/9 | 304 | 1ms
2024-10-16T17:24:57.370Z | GET /order_details/9 | 304 | 31ms
2024-10-16T17:25:01.007Z | GET /order_details/9 | 304 | 1ms
2024-10-16T17:25:06.426Z | GET /order_details/9 | 304 | 0ms
2024-10-16T17:25:08.386Z | GET /order_details/9 | 304 | 1ms
2024-10-16T17:25:15.209Z | GET /order_details/9 | 304 | 0ms
2024-10-16T17:25:19.138Z | GET /order_details/9 | 304 | 1ms
2024-10-16T17:25:21.089Z | GET /order_details/9 | 304 | 1ms
2024-10-16T17:25:32.830Z | GET /order_details/9 | 304 | 31ms
2024-10-16T17:26:50.661Z | GET /order_details/9 | 304 | 33ms
2024-10-16T17:27:02.547Z | GET /order_details/9 | 304 | 31ms
2024-10-16T17:27:40.063Z | GET /order_details/9 | 304 | 34ms
2024-10-16T17:27:49.118Z | GET /order_details/9 | 304 | 1ms
2024-10-16T17:28:08.769Z | GET /order_details/9 | 304 | 31ms
2024-10-16T17:28:20.694Z | GET /order_details/9 | 304 | 30ms
2024-10-16T17:28:22.464Z | GET /order_details/9 | 304 | 1ms
2024-10-16T17:28:29.072Z | GET /order_details/9 | 304 | 1ms
2024-10-16T17:28:34.892Z | GET /order_details/9 | 304 | 1ms
2024-10-16T17:28:43.651Z | GET /order_details/9 | 304 | 1ms
2024-10-16T17:28:47.836Z | GET /order_details/9 | 304 | 1ms
2024-10-16T17:29:02.760Z | GET /order_details/9 | 304 | 30ms
2024-10-16T17:29:09.268Z | GET /order_details/9 | 304 | 1ms
2024-10-16T17:29:15.476Z | GET /order_details/9 | 304 | 1ms
2024-10-16T17:29:19.418Z | GET /order_details/9 | 304 | 1ms
2024-10-16T17:29:27.003Z | GET /order_details/9 | 304 | 0ms
2024-10-16T17:30:06.054Z | GET /order_details/9 | 304 | 34ms
2024-10-16T17:30:26.213Z | GET /order_details/9 | 304 | 31ms
2024-10-16T17:30:28.121Z | GET /order_details/9 | 304 | 1ms
2024-10-16T17:44:10.382Z | GET /order_details/9 | 304 | 30ms
2024-10-16T17:44:16.078Z | GET /order_details/9 | 304 | 1ms
2024-10-16T17:50:51.639Z | GET /order_details/9 | 304 | 31ms
2024-10-16T17:50:57.133Z | GET /order_details/9 | 304 | 1ms
2024-10-16T17:51:30.606Z | GET /order_details/9 | 304 | 30ms
2024-10-16T17:53:03.809Z | GET /order_details/9 | 304 | 31ms
2024-10-16T17:53:06.464Z | GET /order_details/9 | 304 | 1ms
2024-10-16T17:53:10.666Z | GET /order_details/9 | 304 | 1ms
2024-10-16T17:53:41.831Z | GET /order_details/9 | 304 | 37ms
2024-10-16T17:53:48.992Z | GET /order_details/9 | 304 | 1ms
2024-10-16T17:53:51.863Z | GET /order_details/9 | 304 | 0ms
2024-10-16T17:54:03.556Z | GET /order_details/9 | 304 | 49ms
2024-10-16T17:54:32.417Z | GET /order_details/9 | 304 | 33ms
2024-10-16T17:54:41.160Z | GET /order_details/9 | 304 | 1ms
2024-10-16T17:54:53.827Z | GET /order_details/9 | 304 | 36ms
2024-10-16T18:05:22.622Z | GET /posts/ | 500 | 39ms
2024-10-16T18:05:22.657Z | GET /posts/ | 500 | 34ms
2024-10-16T18:11:50.304Z | POST /posts | 400 | 1ms
2024-10-16T18:15:04.148Z | POST /posts | 400 | 11ms
2024-10-16T18:17:25.657Z | POST /posts | 400 | 1ms
2024-10-16T18:19:28.083Z | POST /posts | 400 | 10ms
2024-10-16T18:21:42.525Z | POST /posts | 400 | 1ms
2024-10-16T18:23:13.308Z | POST /posts | 201 | 51ms
2024-10-16T18:23:15.826Z | GET /posts/ | 500 | 5ms
2024-10-16T18:23:15.858Z | GET /posts/ | 500 | 30ms
2024-10-16T18:23:18.406Z | GET /posts/ | 500 | 137ms
2024-10-16T18:23:18.440Z | GET /posts/ | 500 | 33ms
2024-10-16T18:26:23.851Z | GET /posts/ | 500 | 54ms
2024-10-16T18:26:23.893Z | GET /posts/ | 500 | 39ms
2024-10-16T18:26:51.001Z | GET /posts/ | 500 | 37ms
2024-10-16T18:29:59.606Z | GET /posts/9 | 404 | 11ms
2024-10-16T18:33:13.007Z | GET /posts/ | 500 | 52ms
2024-10-16T18:33:13.043Z | GET /posts/ | 500 | 34ms
2024-10-16T18:33:34.715Z | GET /posts/ | 500 | 34ms
2024-10-16T18:33:34.750Z | GET /posts/ | 500 | 34ms
2024-10-16T18:34:31.413Z | GET /posts/all | 200 | 37ms
2024-10-16T18:34:31.415Z | GET /posts/all | 304 | 2ms
2024-10-16T18:35:10.652Z | GET /posts/all | 304 | 141ms
2024-10-16T18:35:10.654Z | GET /posts/all | 304 | 1ms
2024-10-16T18:35:15.699Z | GET /posts/all | 304 | 1ms
2024-10-16T18:35:15.701Z | GET /posts/all | 304 | 1ms
2024-10-16T18:35:37.532Z | GET /posts/all | 304 | 30ms
2024-10-16T18:35:37.533Z | GET /posts/all | 304 | 1ms
2024-10-16T18:35:46.128Z | GET /posts/all | 304 | 1ms
2024-10-16T18:35:46.130Z | GET /posts/all | 304 | 1ms
2024-10-16T18:35:49.903Z | GET /posts/all | 304 | 1ms
2024-10-16T18:35:49.904Z | GET /posts/all | 304 | 1ms
2024-10-16T18:35:55.516Z | GET /posts/all | 304 | 1ms
2024-10-16T18:35:55.518Z | GET /posts/all | 304 | 1ms
2024-10-16T18:36:00.276Z | GET /posts/all | 304 | 1ms
2024-10-16T18:36:00.279Z | GET /posts/all | 304 | 1ms
2024-10-16T18:36:16.323Z | GET /posts/all | 304 | 133ms
2024-10-16T18:36:16.323Z | GET /posts/all | 304 | 0ms
2024-10-16T18:36:22.013Z | GET /posts/all | 304 | 1ms
2024-10-16T18:36:22.014Z | GET /posts/all | 304 | 1ms
2024-10-16T18:36:39.362Z | GET /posts/all | 304 | 32ms
2024-10-16T18:36:39.363Z | GET /posts/all | 304 | 1ms
2024-10-16T18:37:20.020Z | GET /posts/all | 304 | 30ms
2024-10-16T18:37:20.021Z | GET /posts/all | 304 | 1ms
2024-10-16T18:37:24.502Z | GET /posts/all | 304 | 1ms
2024-10-16T18:37:24.503Z | GET /posts/all | 304 | 1ms
2024-10-16T18:38:24.134Z | POST /posts | 400 | 9ms
2024-10-16T18:38:26.840Z | POST /posts | 400 | 1ms
2024-10-16T18:38:29.166Z | POST /posts | 400 | 1ms
2024-10-16T18:39:22.200Z | POST /posts | 400 | 0ms
2024-10-16T18:40:42.714Z | POST /posts | 400 | 9ms
2024-10-16T18:40:44.821Z | POST /posts | 400 | 1ms
2024-10-16T18:41:06.445Z | POST /posts | 400 | 9ms
2024-10-16T19:30:30.007Z | POST /posts | 400 | 1ms
2024-10-16T19:32:37.363Z | POST /posts | 400 | 1ms
2024-10-16T19:33:31.110Z | POST /posts | 400 | 1ms
2024-10-16T19:34:15.834Z | POST /posts | 400 | 11ms
2024-10-16T19:34:41.277Z | GET /posts/9 | 404 | 2ms
2024-10-16T19:34:47.126Z | DELETE /posts/9 | 200 | 41ms
2024-10-16T19:35:14.428Z | DELETE /posts/9 | 200 | 29ms
2024-10-16T19:37:50.105Z | DELETE /posts/9 | 500 | 51ms
2024-10-16T19:38:24.565Z | DELETE /posts/1 | 200 | 30ms
2024-10-16T19:38:47.853Z | POST /posts | 400 | 1ms
2024-10-16T19:40:46.303Z | POST /posts | 400 | 1ms
2024-10-16T19:43:09.594Z | POST /posts | 400 | 1ms
2024-10-16T19:43:11.776Z | POST /posts | 400 | 0ms
2024-10-16T19:45:08.449Z | POST /posts | 400 | 0ms
2024-10-16T19:45:11.776Z | POST /posts | 400 | 1ms
2024-10-16T19:45:12.287Z | POST /posts | 400 | 1ms
2024-10-16T19:45:59.687Z | POST /post/posts | 404 | 9ms
2024-10-16T19:46:06.901Z | POST /posts/post | 400 | 1ms
2024-10-16T19:46:07.972Z | POST /posts/post | 400 | 1ms
2024-10-16T19:46:21.317Z | POST /post | 404 | 0ms
2024-10-16T19:46:24.202Z | POST /posts | 404 | 1ms
2024-10-16T19:46:59.049Z | POST /posts/post | 400 | 1ms
2024-10-16T19:47:01.550Z | POST /posts/post | 400 | 1ms
2024-10-16T19:48:36.035Z | POST /posts/ | 201 | 51ms
2024-10-16T19:48:40.076Z | GET /posts/all | 200 | 2ms
2024-10-16T19:48:40.079Z | GET /posts/all | 304 | 2ms
2024-10-16T23:48:17.241Z | GET /posts/all | 304 | 59ms
2024-10-16T23:48:17.243Z | GET /posts/all | 304 | 1ms
2024-10-16T23:49:15.768Z | GET /posts/all | 304 | 33ms
2024-10-16T23:49:15.770Z | GET /posts/all | 304 | 1ms
2024-10-16T23:49:26.643Z | GET /posts/all | 304 | 35ms
2024-10-16T23:49:26.645Z | GET /posts/all | 304 | 2ms
2024-10-16T23:49:35.637Z | GET /posts/all | 304 | 1ms
2024-10-16T23:49:35.640Z | GET /posts/all | 304 | 1ms
2024-10-16T23:50:02.983Z | GET /posts/all | 304 | 34ms
2024-10-16T23:50:02.985Z | GET /posts/all | 304 | 1ms
2024-10-16T23:50:04.791Z | GET /posts/all | 304 | 1ms
2024-10-16T23:50:04.793Z | GET /posts/all | 304 | 1ms
2024-10-16T23:50:14.626Z | GET /posts/all | 304 | 2ms
2024-10-16T23:50:14.628Z | GET /posts/all | 304 | 1ms
2024-10-16T23:50:20.629Z | GET /posts/all | 304 | 1ms
2024-10-16T23:50:20.631Z | GET /posts/all | 304 | 1ms
2024-10-16T23:50:25.301Z | GET /posts/all | 304 | 2ms
2024-10-16T23:50:25.303Z | GET /posts/all | 304 | 2ms
2024-10-16T23:50:29.767Z | GET /posts/all | 304 | 1ms
2024-10-16T23:50:29.770Z | GET /posts/all | 304 | 2ms
2024-10-16T23:50:35.441Z | GET /posts/all | 304 | 1ms
2024-10-16T23:50:35.443Z | GET /posts/all | 304 | 1ms
2024-10-16T23:50:42.203Z | GET /posts/all | 304 | 1ms
2024-10-16T23:50:42.205Z | GET /posts/all | 304 | 1ms
2024-10-16T23:51:11.397Z | GET /posts/all | 304 | 36ms
2024-10-16T23:51:11.398Z | GET /posts/all | 304 | 1ms
2024-10-16T23:51:15.859Z | GET /posts/all | 304 | 1ms
2024-10-16T23:51:15.860Z | GET /posts/all | 304 | 1ms
2024-10-16T23:51:19.682Z | GET /posts/all | 304 | 1ms
2024-10-16T23:51:19.684Z | GET /posts/all | 304 | 1ms
2024-10-16T23:51:26.101Z | GET /posts/all | 304 | 1ms
2024-10-16T23:51:26.103Z | GET /posts/all | 304 | 1ms
2024-10-16T23:51:39.007Z | GET /posts/all | 304 | 30ms
2024-10-16T23:51:39.008Z | GET /posts/all | 304 | 0ms
2024-10-16T23:51:41.276Z | GET /posts/all | 304 | 1ms
2024-10-16T23:51:41.278Z | GET /posts/all | 304 | 1ms
2024-10-16T23:51:46.128Z | GET /posts/all | 304 | 1ms
2024-10-16T23:51:46.129Z | GET /posts/all | 304 | 1ms
2024-10-16T23:51:58.182Z | GET /posts/all | 304 | 32ms
2024-10-16T23:51:58.183Z | GET /posts/all | 304 | 1ms
2024-10-16T23:52:02.328Z | GET /posts/all | 304 | 0ms
2024-10-16T23:52:02.330Z | GET /posts/all | 304 | 1ms
2024-10-16T23:52:32.972Z | GET /posts/all | 304 | 41ms
2024-10-16T23:52:32.974Z | GET /posts/all | 304 | 1ms
2024-10-16T23:52:35.703Z | GET /posts/all | 304 | 1ms
2024-10-16T23:52:35.704Z | GET /posts/all | 304 | 0ms
2024-10-16T23:52:56.643Z | GET /posts/all | 304 | 36ms
2024-10-16T23:52:56.645Z | GET /posts/all | 304 | 1ms
2024-10-16T23:53:02.019Z | GET /posts/all | 304 | 1ms
2024-10-16T23:53:02.020Z | GET /posts/all | 304 | 1ms
2024-10-16T23:53:10.086Z | GET /posts/all | 304 | 1ms
2024-10-16T23:53:10.088Z | GET /posts/all | 304 | 1ms
2024-10-16T23:53:13.983Z | GET /posts/all | 304 | 1ms
2024-10-16T23:53:13.985Z | GET /posts/all | 304 | 1ms
2024-10-16T23:53:20.607Z | GET /posts/all | 304 | 1ms
2024-10-16T23:53:20.608Z | GET /posts/all | 304 | 0ms
2024-10-16T23:53:32.274Z | GET /posts/all | 304 | 32ms
2024-10-16T23:53:32.276Z | GET /posts/all | 304 | 1ms
2024-10-16T23:53:35.457Z | GET /posts/all | 304 | 1ms
2024-10-16T23:53:35.459Z | GET /posts/all | 304 | 1ms
2024-10-16T23:53:39.262Z | GET /posts/all | 304 | 0ms
2024-10-16T23:53:39.265Z | GET /posts/all | 304 | 1ms
2024-10-16T23:53:41.401Z | GET /posts/all | 304 | 1ms
2024-10-16T23:53:41.403Z | GET /posts/all | 304 | 1ms
2024-10-16T23:53:46.802Z | GET /posts/all | 304 | 2ms
2024-10-16T23:53:46.803Z | GET /posts/all | 304 | 1ms
2024-10-16T23:54:06.224Z | GET /posts/all | 304 | 137ms
2024-10-16T23:54:06.225Z | GET /posts/all | 304 | 1ms
2024-10-16T23:54:16.546Z | GET /posts/all | 304 | 31ms
2024-10-16T23:54:16.547Z | GET /posts/all | 304 | 1ms
2024-10-16T23:54:26.077Z | GET /posts/all | 304 | 1ms
2024-10-16T23:54:26.080Z | GET /posts/all | 304 | 0ms
2024-10-16T23:55:03.868Z | GET /posts/all | 304 | 28ms
2024-10-16T23:55:03.869Z | GET /posts/all | 304 | 1ms
2024-10-16T23:55:30.467Z | POST /posts/ | 201 | 53ms
2024-10-16T23:55:31.552Z | GET /posts/all | 200 | 1ms
2024-10-16T23:55:31.554Z | GET /posts/all | 304 | 1ms
2024-10-16T23:55:49.514Z | GET /posts/all | 304 | 35ms
2024-10-16T23:55:49.515Z | GET /posts/all | 304 | 1ms
2024-10-16T23:55:49.593Z | GET /posts/all | 304 | 0ms
2024-10-16T23:55:49.596Z | GET /posts/all | 304 | 1ms
2024-10-16T23:56:14.263Z | GET /posts/all | 304 | 31ms
2024-10-16T23:56:14.264Z | GET /posts/all | 304 | 0ms
2024-10-16T23:56:14.307Z | GET /posts/all | 304 | 1ms
2024-10-16T23:56:14.310Z | GET /posts/all | 304 | 1ms
2024-10-16T23:57:41.216Z | GET /posts/all | 304 | 33ms
2024-10-16T23:57:41.218Z | GET /posts/all | 304 | 1ms
2024-10-16T23:57:41.325Z | GET /posts/all | 304 | 1ms
2024-10-16T23:57:41.326Z | GET /posts/all | 304 | 1ms
2024-10-16T23:58:05.404Z | GET /posts/all | 304 | 32ms
2024-10-16T23:58:05.405Z | GET /posts/all | 304 | 1ms
2024-10-16T23:58:05.511Z | GET /posts/all | 304 | 1ms
2024-10-16T23:58:05.513Z | GET /posts/all | 304 | 0ms
2024-10-16T23:58:20.006Z | GET /posts/all | 304 | 36ms
2024-10-16T23:58:20.007Z | GET /posts/all | 304 | 1ms
2024-10-16T23:58:39.112Z | GET /posts/all | 304 | 31ms
2024-10-16T23:58:39.113Z | GET /posts/all | 304 | 1ms
2024-10-16T23:58:53.431Z | GET /posts/all | 304 | 31ms
2024-10-16T23:58:53.432Z | GET /posts/all | 304 | 0ms
2024-10-16T23:58:56.921Z | GET /posts/all | 304 | 1ms
2024-10-16T23:58:56.922Z | GET /posts/all | 304 | 1ms
2024-10-16T23:59:01.478Z | GET /posts/all | 304 | 1ms
2024-10-16T23:59:01.479Z | GET /posts/all | 304 | 1ms
2024-10-16T23:59:12.922Z | GET /posts/all | 304 | 32ms
2024-10-16T23:59:12.924Z | GET /posts/all | 304 | 1ms
2024-10-16T23:59:48.932Z | GET /posts/all | 304 | 31ms
2024-10-16T23:59:48.933Z | GET /posts/all | 304 | 1ms
2024-10-16T23:59:50.614Z | GET /posts/all | 304 | 1ms
2024-10-16T23:59:50.615Z | GET /posts/all | 304 | 1ms
2024-10-16T23:59:53.587Z | GET /posts/all | 304 | 0ms
2024-10-16T23:59:53.590Z | GET /posts/all | 304 | 1ms
2024-10-16T23:59:56.147Z | GET /posts/all | 304 | 1ms
2024-10-16T23:59:56.149Z | GET /posts/all | 304 | 1ms
2024-10-16T23:59:58.535Z | GET /posts/all | 304 | 1ms
2024-10-16T23:59:58.537Z | GET /posts/all | 304 | 0ms
